<?xml version="1.0" encoding="UTF-8"?>
<testsuite xmlns:xsi="http://www.w3.org/2001/XMLSchema-instance" xsi:noNamespaceSchemaLocation="https://maven.apache.org/surefire/maven-surefire-plugin/xsd/surefire-test-report.xsd" name="tests.loans.positive.CarLoansPositiveTest" time="14.402" tests="2" errors="0" skipped="0" failures="0">
  <properties>
[...]
</properties>
  <testcase name="applyingForAnOldCarLoanPublicSession" classname="tests.loans.positive.CarLoansPositiveTest" time="10.889"/>
  <testcase name="selectAgreementTabPubSession" classname="tests.loans.positive.CarLoansPositiveTest" time="3.159"/>
</testsuite>